<?xml version="1.0" encoding="UTF-8"?>
<!-- Generated by org.testng.reporters.JUnitReportReporter -->
<testsuite hostname="LAPTOP-I7J4S3QJ" failures="0" tests="2" name="com.odyssey.TestRunner.TestRunnerPurchaseBooks" time="37.165" errors="0" timestamp="2023-01-17T13:10:05 IST" skipped="0">
  <testcase classname="com.odyssey.TestRunner.TestRunnerPurchaseBooks" name="runScenario" time="32.675"/>
  <system-out/>
  <testcase classname="com.odyssey.TestRunner.TestRunnerPurchaseBooks" name="runScenario" time="4.490"/>
  <system-out/>
</testsuite> <!-- com.odyssey.TestRunner.TestRunnerPurchaseBooks -->
