<?xml version="1.0" encoding="UTF-8"?>
<!-- Generated by org.testng.reporters.JUnitReportReporter -->
<testsuite hostname="LAPTOP-I7J4S3QJ" failures="0" tests="2" name="com.odyssey.TestRunner.TestRunnerPurchaseBooks" time="38.255" errors="0" timestamp="2023-01-17T14:36:30 IST" skipped="0">
  <testcase classname="com.odyssey.TestRunner.TestRunnerPurchaseBooks" name="runScenario" time="34.854"/>
  <system-out/>
  <testcase classname="com.odyssey.TestRunner.TestRunnerPurchaseBooks" name="runScenario" time="3.401"/>
  <system-out/>
</testsuite> <!-- com.odyssey.TestRunner.TestRunnerPurchaseBooks -->
